<?xml version="1.0" encoding="UTF-8"?>
<testsuite xmlns:xsi="http://www.w3.org/2001/XMLSchema-instance" xsi:noNamespaceSchemaLocation="https://maven.apache.org/surefire/maven-surefire-plugin/xsd/surefire-test-report-3.0.xsd" version="3.0" name="com.empresa.pedidos.ReglasArquitectura" time="1.079" tests="5" errors="0" skipped="0" failures="1">
  <properties>
[...]
</properties>
  <testcase name="dominioAislado" classname="ReglasArquitectura" time="1.065">
    <failure message="Architecture Violation [Priority: MEDIUM] - Rule &apos;no classes that reside in a package &apos;..dominio..&apos; should depend on classes that reside in any package [&apos;..infraestructura..&apos;, &apos;..adaptadores..&apos;, &apos;javax.persistence..&apos;, &apos;org.springframework.mail..&apos;]&apos; was violated (1 times):&#10;Method &lt;com.empresa.pedidos.dominio.Pedido.dependenciaProhibidaParaPruebaDeArquitectura()&gt; references class object &lt;com.empresa.pedidos.infraestructura.RepositorioPedidosMemoria&gt; in (Pedido.java:45)" type="java.lang.AssertionError"><![CDATA[java.lang.AssertionError: 
Architecture Violation [Priority: MEDIUM] - Rule 'no classes that reside in a package '..dominio..' should depend on classes that reside in any package ['..infraestructura..', '..adaptadores..', 'javax.persistence..', 'org.springframework.mail..']' was violated (1 times):
Method <com.empresa.pedidos.dominio.Pedido.dependenciaProhibidaParaPruebaDeArquitectura()> references class object <com.empresa.pedidos.infraestructura.RepositorioPedidosMemoria> in (Pedido.java:45)
	at com.tngtech.archunit.lang.ArchRule$Assertions.assertNoViolation(ArchRule.java:94)
	at com.tngtech.archunit.lang.ArchRule$Assertions.check(ArchRule.java:86)
	at com.tngtech.archunit.lang.ArchRule$Factory$SimpleArchRule.check(ArchRule.java:165)
	at com.tngtech.archunit.lang.syntax.ObjectsShouldInternal.check(ObjectsShouldInternal.java:81)
	at com.tngtech.archunit.junit.internal.ArchUnitTestDescriptor$ArchUnitRuleDescriptor.execute(ArchUnitTestDescriptor.java:166)
	at com.tngtech.archunit.junit.internal.ArchUnitTestDescriptor$ArchUnitRuleDescriptor.execute(ArchUnitTestDescriptor.java:149)
	at java.base/java.util.ArrayList.forEach(ArrayList.java:1604)
	at java.base/java.util.ArrayList.forEach(ArrayList.java:1604)
]]></failure>
    <system-err><![CDATA[SLF4J: No SLF4J providers were found.
SLF4J: Defaulting to no-operation (NOP) logger implementation
SLF4J: See https://www.slf4j.org/codes.html#noProviders for further details.
]]></system-err>
  </testcase>
  <testcase name="controladoresSoloAccedenALaFacade" classname="ReglasArquitectura" time="0.002"/>
  <testcase name="puertosDeDominioSonInterfaces" classname="ReglasArquitectura" time="0.0"/>
  <testcase name="procesadoresImplementanProcesadorPedido" classname="ReglasArquitectura" time="0.0"/>
  <testcase name="infraestructuraNoAccedeAAdaptadoresRest" classname="ReglasArquitectura" time="0.001"/>
</testsuite>